{"numFailedTestSuites":0,"numFailedTests":0,"numPassedTestSuites":54,"numPassedTests":553,"numPendingTestSuites":0,"numPendingTests":0,"numRuntimeErrorTestSuites":0,"numTodoTests":0,"numTotalTestSuites":54,"numTotalTests":553,"openHandles":[],"snapshot":{"added":0,"didUpdate":false,"failure":false,"filesAdded":0,"filesRemoved":0,"filesRemovedList":[],"filesUnmatched":0,"filesUpdated":0,"matched":0,"total":0,"unchecked":0,"uncheckedKeysByFile":[],"unmatched":0,"updated":0},"startTime":1790220262340,"success":true,"testResults":[{"assertionResults":[{"ancestorTitles":["React Native style validation for CSS variables"],"duration":201,"failureDetails":[],"failureMessages":[],"fullName":"React Native style validation for CSS variables should preserve target-native style declarations","invocations":1,"location":null,"numPassingAsserts":2,"retryReasons":[],"status":"passed","title":"should preserve target-native style declarations"},{"ancestorTitles":["React Native style validation for CSS variables","Selector validation"],"duration":3,"failureDetails":[],"failureMessages":[],"fullName":"React Native style validation for CSS variables Selector validation should reject pseudo class selectors","invocations":1,"location":null,"numPassingAsserts":3,"retryReasons":[],"status":"passed","title":"should reject pseudo class selectors"},{"ancestorTitles":["React Native style validation for CSS variables","Selector validation"],"duration":1,"failureDetails":[],"failureMessages":[],"fullName":"React Native style validation for CSS variables Selector validation should reject pseudo element selectors","invocations":1,"location":null,"numPassingAsserts":3,"retryReasons":[],"status":"passed","title":"should reject pseudo element selectors"},{"ancestorTitles":["React Native style validation for CSS variables","Selector validation"],"duration":2,"failureDetails":[],"failureMessages":[],"fullName":"React Native style validation for CSS variables Selector validation should reject functional pseudo class selectors","invocations":1,"location":null,"numPassingAsserts":3,"retryReasons":[],"status":"passed","title":"should reject functional pseudo class selectors"},{"ancestorTitles":["React Native style validation for CSS variables","Selector validation"],"duration":1,"failureDetails":[],"failureMessages":[],"fullName":"React Native style validation for CSS variables Selector validation should reject escaped UnoCSS class with pseudo selectors","invocations":1,"location":null,"numPassingAsserts":3,"retryReasons":[],"status":"passed","title":"should reject escaped UnoCSS class with pseudo selectors"},{"ancestorTitles":["React Native style validation for CSS variables","Selector validation"],"duration":1,"failureDetails":[],"failureMessages":[],"fullName":"React Native style validation for CSS variables Selector validation should support single class selectors and comma-separated single classes","invocations":1,"location":null,"numPassingAsserts":4,"retryReasons":[],"status":"passed","title":"should support single class selectors and comma-separated single classes"},{"ancestorTitles":["React Native style validation for CSS variables","Selector validation"],"duration":1,"failureDetails":[],"failureMessages":[],"fullName":"React Native style validation for CSS variables Selector validation should keep valid selectors while reporting invalid selectors in a comma-separated rule","invocations":1,"location":null,"numPassingAsserts":3,"retryReasons":[],"status":"passed","title":"should keep valid selectors while reporting invalid selectors in a comma-separated rule"},{"ancestorTitles":["React Native style validation for CSS variables","CSS variable fallback validation"],"duration":1,"failureDetails":[],"failureMessages":[],"fullName":"React Native style validation for CSS variables CSS variable fallback validation should filter out letter-spacing with invalid \"normal\" fallback","invocations":1,"location":null,"numPassingAsserts":2,"retryReasons":[],"status":"passed","title":"should filter out letter-spacing with invalid \"normal\" fallback"},{"ancestorTitles":["React Native style validation for CSS variables","CSS variable fallback validation"],"duration":2,"failureDetails":[],"failureMessages":[],"fullName":"React Native style validation for CSS variables CSS variable fallback validation should filter out line-height with invalid \"normal\" fallback","invocations":1,"location":null,"numPassingAsserts":2,"retryReasons":[],"status":"passed","title":"should filter out line-height with invalid \"normal\" fallback"},{"ancestorTitles":["React Native style validation for CSS variables","CSS variable fallback validation"],"duration":1,"failureDetails":[],"failureMessages":[],"fullName":"React Native style validation for CSS variables CSS variable fallback validation should keep valid CSS variable with numeric fallback","invocations":1,"location":null,"numPassingAsserts":2,"retryReasons":[],"status":"passed","title":"should keep valid CSS variable with numeric fallback"},{"ancestorTitles":["React Native style validation for CSS variables","CSS variable fallback validation"],"duration":0,"failureDetails":[],"failureMessages":[],"fullName":"React Native style validation for CSS variables CSS variable fallback validation should keep CSS variable with 0 fallback (no compile-time folding)","invocations":1,"location":null,"numPassingAsserts":2,"retryReasons":[],"status":"passed","title":"should keep CSS variable with 0 fallback (no compile-time folding)"},{"ancestorTitles":["React Native style validation for CSS variables","CSS variable fallback validation"],"duration":0,"failureDetails":[],"failureMessages":[],"fullName":"React Native style validation for CSS variables CSS variable fallback validation should keep CSS custom property with var() fallback (do not validate as RN number)","invocations":1,"location":null,"numPassingAsserts":2,"retryReasons":[],"status":"passed","title":"should keep CSS custom property with var() fallback (do not validate as RN number)"},{"ancestorTitles":["React Native style validation for CSS variables","CSS variable fallback validation"],"duration":1,"failureDetails":[],"failureMessages":[],"fullName":"React Native style validation for CSS variables CSS variable fallback validation should keep CSS variable without fallback","invocations":1,"location":null,"numPassingAsserts":2,"retryReasons":[],"status":"passed","title":"should keep CSS variable without fallback"},{"ancestorTitles":["React Native style validation for CSS variables","CSS variable fallback validation"],"duration":0,"failureDetails":[],"failureMessages":[],"fullName":"React Native style validation for CSS variables CSS variable fallback validation should validate nested CSS variables recursively","invocations":1,"location":null,"numPassingAsserts":2,"retryReasons":[],"status":"passed","title":"should validate nested CSS variables recursively"},{"ancestorTitles":["React Native style validation for CSS variables","CSS variable fallback validation"],"duration":1,"failureDetails":[],"failureMessages":[],"fullName":"React Native style validation for CSS variables CSS variable fallback validation should keep nested CSS variables with valid fallback","invocations":1,"location":null,"numPassingAsserts":2,"retryReasons":[],"status":"passed","title":"should keep nested CSS variables with valid fallback"},{"ancestorTitles":["React Native style validation for CSS variables","CSS variable fallback validation"],"duration":1,"failureDetails":[],"failureMessages":[],"fullName":"React Native style validation for CSS variables CSS variable fallback validation should handle deeply nested CSS variables without infinite recursion","invocations":1,"location":null,"numPassingAsserts":2,"retryReasons":[],"status":"passed","title":"should handle deeply nested CSS variables without infinite recursion"},{"ancestorTitles":["React Native style validation for CSS variables","CSS variable fallback validation"],"duration":0,"failureDetails":[],"failureMessages":[],"fullName":"React Native style validation for CSS variables CSS variable fallback validation should stop at max depth for extremely nested CSS variables","invocations":1,"location":null,"numPassingAsserts":1,"retryReasons":[],"status":"passed","title":"should stop at max depth for extremely nested CSS variables"},{"ancestorTitles":["React Native style validation for CSS variables","CSS variable fallback validation"],"duration":1,"failureDetails":[],"failureMessages":[],"fullName":"React Native style validation for CSS variables CSS variable fallback validation should handle self-referencing CSS variable without infinite loop","invocations":1,"location":null,"numPassingAsserts":2,"retryReasons":[],"status":"passed","title":"should handle self-referencing CSS variable without infinite loop"},{"ancestorTitles":["React Native style validation for CSS variables","CSS variable fallback validation"],"duration":1,"failureDetails":[],"failureMessages":[],"fullName":"React Native style validation for CSS variables CSS variable fallback validation should handle complex nested CSS variables with different fallbacks","invocations":1,"location":null,"numPassingAsserts":2,"retryReasons":[],"status":"passed","title":"should handle complex nested CSS variables with different fallbacks"},{"ancestorTitles":["React Native style validation for CSS variables","CSS variable fallback validation"],"duration":1,"failureDetails":[],"failureMessages":[],"fullName":"React Native style validation for CSS variables CSS variable fallback validation should work on both ios and android modes","invocations":1,"location":null,"numPassingAsserts":6,"retryReasons":[],"status":"passed","title":"should work on both ios and android modes"},{"ancestorTitles":["React Native style validation for CSS variables","Other number properties with CSS variables"],"duration":1,"failureDetails":[],"failureMessages":[],"fullName":"React Native style validation for CSS variables Other number properties with CSS variables should keep margin with \"auto\" fallback","invocations":1,"location":null,"numPassingAsserts":2,"retryReasons":[],"status":"passed","title":"should keep margin with \"auto\" fallback"},{"ancestorTitles":["React Native style validation for CSS variables","Background shorthand"],"duration":1,"failureDetails":[],"failureMessages":[],"fullName":"React Native style validation for CSS variables Background shorthand should expand background-position and background-size from slash shorthand","invocations":1,"location":null,"numPassingAsserts":3,"retryReasons":[],"status":"passed","title":"should expand background-position and background-size from slash shorthand"},{"ancestorTitles":["React Native style validation for CSS variables","Background shorthand"],"duration":1,"failureDetails":[],"failureMessages":[],"fullName":"React Native style validation for CSS variables Background shorthand should expand background-position and background-size with spaced slash","invocations":1,"location":null,"numPassingAsserts":3,"retryReasons":[],"status":"passed","title":"should expand background-position and background-size with spaced slash"},{"ancestorTitles":["React Native style validation for CSS variables","Background shorthand","background-position [x, y] ordering"],"duration":1,"failureDetails":[],"failureMessages":[],"fullName":"React Native style validation for CSS variables Background shorthand background-position [x, y] ordering top left → [left, top]","invocations":1,"location":null,"numPassingAsserts":2,"retryReasons":[],"status":"passed","title":"top left → [left, top]"},{"ancestorTitles":["React Native style validation for CSS variables","Background shorthand","background-position [x, y] ordering"],"duration":0,"failureDetails":[],"failureMessages":[],"fullName":"React Native style validation for CSS variables Background shorthand background-position [x, y] ordering bottom right → [right, bottom]","invocations":1,"location":null,"numPassingAsserts":2,"retryReasons":[],"status":"passed","title":"bottom right → [right, bottom]"},{"ancestorTitles":["React Native style validation for CSS variables","Background shorthand","background-position [x, y] ordering"],"duration":1,"failureDetails":[],"failureMessages":[],"fullName":"React Native style validation for CSS variables Background shorthand background-position [x, y] ordering left top → [left, top] (already correct)","invocations":1,"location":null,"numPassingAsserts":2,"retryReasons":[],"status":"passed","title":"left top → [left, top] (already correct)"},{"ancestorTitles":["React Native style validation for CSS variables","Background shorthand","background-position [x, y] ordering"],"duration":0,"failureDetails":[],"failureMessages":[],"fullName":"React Native style validation for CSS variables Background shorthand background-position [x, y] ordering top center → [50%, top]","invocations":1,"location":null,"numPassingAsserts":2,"retryReasons":[],"status":"passed","title":"top center → [50%, top]"},{"ancestorTitles":["React Native style validation for CSS variables","Background shorthand","background-position [x, y] ordering"],"duration":1,"failureDetails":[],"failureMessages":[],"fullName":"React Native style validation for CSS variables Background shorthand background-position [x, y] ordering 50% 30% → [50%, 30%] (no change)","invocations":1,"location":null,"numPassingAsserts":2,"retryReasons":[],"status":"passed","title":"50% 30% → [50%, 30%] (no change)"},{"ancestorTitles":["React Native style validation for CSS variables","Unordered shorthand"],"duration":1,"failureDetails":[],"failureMessages":[],"fullName":"React Native style validation for CSS variables Unordered shorthand should expand unordered border shorthand","invocations":1,"location":null,"numPassingAsserts":3,"retryReasons":[],"status":"passed","title":"should expand unordered border shorthand"},{"ancestorTitles":["React Native style validation for CSS variables","Unordered shorthand"],"duration":0,"failureDetails":[],"failureMessages":[],"fullName":"React Native style validation for CSS variables Unordered shorthand should expand unordered side border shorthand","invocations":1,"location":null,"numPassingAsserts":5,"retryReasons":[],"status":"passed","title":"should expand unordered side border shorthand"},{"ancestorTitles":["React Native style validation for CSS variables","Unordered shorthand"],"duration":0,"failureDetails":[],"failureMessages":[],"fullName":"React Native style validation for CSS variables Unordered shorthand should expand unordered text-decoration shorthand","invocations":1,"location":null,"numPassingAsserts":4,"retryReasons":[],"status":"passed","title":"should expand unordered text-decoration shorthand"},{"ancestorTitles":["React Native style validation for CSS variables","Unordered shorthand"],"duration":2,"failureDetails":[],"failureMessages":[],"fullName":"React Native style validation for CSS variables Unordered shorthand should only allow solid text-decoration-style in android and harmony text-decoration shorthand","invocations":1,"location":null,"numPassingAsserts":8,"retryReasons":[],"status":"passed","title":"should only allow solid text-decoration-style in android and harmony text-decoration shorthand"},{"ancestorTitles":["React Native style validation for CSS variables","Unordered shorthand"],"duration":1,"failureDetails":[],"failureMessages":[],"fullName":"React Native style validation for CSS variables Unordered shorthand should keep text-decoration shorthand without color on android and harmony without warning","invocations":1,"location":null,"numPassingAsserts":6,"retryReasons":[],"status":"passed","title":"should keep text-decoration shorthand without color on android and harmony without warning"},{"ancestorTitles":["React Native style validation for CSS variables","Unordered shorthand"],"duration":1,"failureDetails":[],"failureMessages":[],"fullName":"React Native style validation for CSS variables Unordered shorthand should reject text-decoration-color in android and harmony text-decoration shorthand","invocations":1,"location":null,"numPassingAsserts":6,"retryReasons":[],"status":"passed","title":"should reject text-decoration-color in android and harmony text-decoration shorthand"},{"ancestorTitles":["React Native style validation for CSS variables","Unordered shorthand"],"duration":1,"failureDetails":[],"failureMessages":[],"fullName":"React Native style validation for CSS variables Unordered shorthand should expand unordered flex-flow and text-shadow shorthand","invocations":1,"location":null,"numPassingAsserts":5,"retryReasons":[],"status":"passed","title":"should expand unordered flex-flow and text-shadow shorthand"},{"ancestorTitles":["React Native style validation for CSS variables","Unordered shorthand"],"duration":1,"failureDetails":[],"failureMessages":[],"fullName":"React Native style validation for CSS variables Unordered shorthand should still expand ordered border shorthand (regression)","invocations":1,"location":null,"numPassingAsserts":3,"retryReasons":[],"status":"passed","title":"should still expand ordered border shorthand (regression)"},{"ancestorTitles":["React Native style validation for CSS variables","Unordered shorthand"],"duration":2,"failureDetails":[],"failureMessages":[],"fullName":"React Native style validation for CSS variables Unordered shorthand should fill border defaults when style slot is empty","invocations":1,"location":null,"numPassingAsserts":5,"retryReasons":[],"status":"passed","title":"should fill border defaults when style slot is empty"},{"ancestorTitles":["React Native style validation for CSS variables","Unordered shorthand"],"duration":1,"failureDetails":[],"failureMessages":[],"fullName":"React Native style validation for CSS variables Unordered shorthand should preserve border none / 0 for runtime clearing","invocations":1,"location":null,"numPassingAsserts":7,"retryReasons":[],"status":"passed","title":"should preserve border none / 0 for runtime clearing"},{"ancestorTitles":["React Native style validation for CSS variables","Unordered shorthand"],"duration":1,"failureDetails":[],"failureMessages":[],"fullName":"React Native style validation for CSS variables Unordered shorthand should allow explicit border-style to override shorthand default none by declaration order","invocations":1,"location":null,"numPassingAsserts":4,"retryReasons":[],"status":"passed","title":"should allow explicit border-style to override shorthand default none by declaration order"},{"ancestorTitles":["React Native style validation for CSS variables","Unordered shorthand"],"duration":0,"failureDetails":[],"failureMessages":[],"fullName":"React Native style validation for CSS variables Unordered shorthand should let explicit border-style fill the slot left default by width-only border shorthand","invocations":1,"location":null,"numPassingAsserts":3,"retryReasons":[],"status":"passed","title":"should let explicit border-style fill the slot left default by width-only border shorthand"},{"ancestorTitles":["React Native style validation for CSS variables","Unordered shorthand"],"duration":0,"failureDetails":[],"failureMessages":[],"fullName":"React Native style validation for CSS variables Unordered shorthand should preserve zero with unit for runtime clearing","invocations":1,"location":null,"numPassingAsserts":5,"retryReasons":[],"status":"passed","title":"should preserve zero with unit for runtime clearing"},{"ancestorTitles":["React Native style validation for CSS variables","Unordered shorthand"],"duration":1,"failureDetails":[],"failureMessages":[],"fullName":"React Native style validation for CSS variables Unordered shorthand should fill text-shadow color default to #000","invocations":1,"location":null,"numPassingAsserts":5,"retryReasons":[],"status":"passed","title":"should fill text-shadow color default to #000"},{"ancestorTitles":["React Native style validation for CSS variables","Unordered shorthand"],"duration":0,"failureDetails":[],"failureMessages":[],"fullName":"React Native style validation for CSS variables Unordered shorthand should warn on duplicate same-type tokens in border shorthand","invocations":1,"location":null,"numPassingAsserts":2,"retryReasons":[],"status":"passed","title":"should warn on duplicate same-type tokens in border shorthand"},{"ancestorTitles":["React Native style validation for CSS variables","Unordered shorthand"],"duration":1,"failureDetails":[],"failureMessages":[],"fullName":"React Native style validation for CSS variables Unordered shorthand should fallback offset-y to 0 when text-shadow is missing the second length","invocations":1,"location":null,"numPassingAsserts":2,"retryReasons":[],"status":"passed","title":"should fallback offset-y to 0 when text-shadow is missing the second length"},{"ancestorTitles":["React Native style validation for CSS variables","Unordered shorthand"],"duration":0,"failureDetails":[],"failureMessages":[],"fullName":"React Native style validation for CSS variables Unordered shorthand should warn on unknown text-decoration line tokens instead of treating them as none","invocations":1,"location":null,"numPassingAsserts":2,"retryReasons":[],"status":"passed","title":"should warn on unknown text-decoration line tokens instead of treating them as none"},{"ancestorTitles":["React Native style validation for CSS variables","Unordered shorthand"],"duration":1,"failureDetails":[],"failureMessages":[],"fullName":"React Native style validation for CSS variables Unordered shorthand should keep single var() shorthand as-is for runtime parsing","invocations":1,"location":null,"numPassingAsserts":7,"retryReasons":[],"status":"passed","title":"should keep single var() shorthand as-is for runtime parsing"},{"ancestorTitles":["React Native style validation for CSS variables","Unordered shorthand"],"duration":1,"failureDetails":[],"failureMessages":[],"fullName":"React Native style validation for CSS variables Unordered shorthand should reject direct per-side border-style longhand","invocations":1,"location":null,"numPassingAsserts":3,"retryReasons":[],"status":"passed","title":"should reject direct per-side border-style longhand"},{"ancestorTitles":["React Native style validation for CSS variables","Direct normal values (without CSS variables)"],"duration":0,"failureDetails":[],"failureMessages":[],"fullName":"React Native style validation for CSS variables Direct normal values (without CSS variables) should filter out direct letter-spacing: normal","invocations":1,"location":null,"numPassingAsserts":2,"retryReasons":[],"status":"passed","title":"should filter out direct letter-spacing: normal"},{"ancestorTitles":["React Native style validation for CSS variables","Direct normal values (without CSS variables)"],"duration":1,"failureDetails":[],"failureMessages":[],"fullName":"React Native style validation for CSS variables Direct normal values (without CSS variables) should keep direct letter-spacing: 2px","invocations":1,"location":null,"numPassingAsserts":2,"retryReasons":[],"status":"passed","title":"should keep direct letter-spacing: 2px"},{"ancestorTitles":["React Native style validation for CSS variables","Direct normal values (without CSS variables)"],"duration":0,"failureDetails":[],"failureMessages":[],"fullName":"React Native style validation for CSS variables Direct normal values (without CSS variables) should filter out text-align: auto","invocations":1,"location":null,"numPassingAsserts":2,"retryReasons":[],"status":"passed","title":"should filter out text-align: auto"},{"ancestorTitles":["React Native style validation for CSS variables","Direct normal values (without CSS variables)"],"duration":1,"failureDetails":[],"failureMessages":[],"fullName":"React Native style validation for CSS variables Direct normal values (without CSS variables) should keep vertical-align: middle on android","invocations":1,"location":null,"numPassingAsserts":2,"retryReasons":[],"status":"passed","title":"should keep vertical-align: middle on android"},{"ancestorTitles":["React Native style validation for CSS variables","Direct normal values (without CSS variables)"],"duration":1,"failureDetails":[],"failureMessages":[],"fullName":"React Native style validation for CSS variables Direct normal values (without CSS variables) should keep text-decoration-style: solid on android and harmony","invocations":1,"location":null,"numPassingAsserts":4,"retryReasons":[],"status":"passed","title":"should keep text-decoration-style: solid on android and harmony"},{"ancestorTitles":["React Native style validation for CSS variables","Direct normal values (without CSS variables)"],"duration":1,"failureDetails":[],"failureMessages":[],"fullName":"React Native style validation for CSS variables Direct normal values (without CSS variables) should reject non-solid text-decoration-style on android and harmony","invocations":1,"location":null,"numPassingAsserts":4,"retryReasons":[],"status":"passed","title":"should reject non-solid text-decoration-style on android and harmony"},{"ancestorTitles":["React Native style validation for CSS variables","Direct normal values (without CSS variables)"],"duration":1,"failureDetails":[],"failureMessages":[],"fullName":"React Native style validation for CSS variables Direct normal values (without CSS variables) should keep other text-decoration-style values on ios","invocations":1,"location":null,"numPassingAsserts":2,"retryReasons":[],"status":"passed","title":"should keep other text-decoration-style values on ios"},{"ancestorTitles":["React Native style validation for CSS variables","Direct normal values (without CSS variables)"],"duration":1,"failureDetails":[],"failureMessages":[],"fullName":"React Native style validation for CSS variables Direct normal values (without CSS variables) should reject text-decoration-color on android and harmony","invocations":1,"location":null,"numPassingAsserts":4,"retryReasons":[],"status":"passed","title":"should reject text-decoration-color on android and harmony"},{"ancestorTitles":["React Native style validation for CSS variables","Direct normal values (without CSS variables)"],"duration":0,"failureDetails":[],"failureMessages":[],"fullName":"React Native style validation for CSS variables Direct normal values (without CSS variables) should keep text-decoration-color on ios","invocations":1,"location":null,"numPassingAsserts":2,"retryReasons":[],"status":"passed","title":"should keep text-decoration-color on ios"},{"ancestorTitles":["React Native style validation for CSS variables","Direct normal values (without CSS variables)"],"duration":1,"failureDetails":[],"failureMessages":[],"fullName":"React Native style validation for CSS variables Direct normal values (without CSS variables) should filter out unsupported float and clear","invocations":1,"location":null,"numPassingAsserts":2,"retryReasons":[],"status":"passed","title":"should filter out unsupported float and clear"},{"ancestorTitles":["React Native style validation for CSS variables","Direct normal values (without CSS variables)"],"duration":0,"failureDetails":[],"failureMessages":[],"fullName":"React Native style validation for CSS variables Direct normal values (without CSS variables) should keep explicit box-sizing values","invocations":1,"location":null,"numPassingAsserts":3,"retryReasons":[],"status":"passed","title":"should keep explicit box-sizing values"},{"ancestorTitles":["React Native style validation for CSS variables","Extended shorthand"],"duration":1,"failureDetails":[],"failureMessages":[],"fullName":"React Native style validation for CSS variables Extended shorthand should expand gap shorthand to rowGap / columnGap","invocations":1,"location":null,"numPassingAsserts":4,"retryReasons":[],"status":"passed","title":"should expand gap shorthand to rowGap / columnGap"},{"ancestorTitles":["React Native style validation for CSS variables","Extended shorthand"],"duration":1,"failureDetails":[],"failureMessages":[],"fullName":"React Native style validation for CSS variables Extended shorthand should expand inset shorthand to four sides","invocations":1,"location":null,"numPassingAsserts":5,"retryReasons":[],"status":"passed","title":"should expand inset shorthand to four sides"},{"ancestorTitles":["React Native style validation for CSS variables","Extended shorthand"],"duration":0,"failureDetails":[],"failureMessages":[],"fullName":"React Native style validation for CSS variables Extended shorthand should expand outline shorthand with same defaults as border","invocations":1,"location":null,"numPassingAsserts":7,"retryReasons":[],"status":"passed","title":"should expand outline shorthand with same defaults as border"},{"ancestorTitles":["React Native style validation for CSS variables","Extended shorthand"],"duration":1,"failureDetails":[],"failureMessages":[],"fullName":"React Native style validation for CSS variables Extended shorthand should preserve border-style longhand none and var fallback for runtime","invocations":1,"location":null,"numPassingAsserts":5,"retryReasons":[],"status":"passed","title":"should preserve border-style longhand none and var fallback for runtime"},{"ancestorTitles":["React Native style validation for CSS variables","Extended shorthand"],"duration":0,"failureDetails":[],"failureMessages":[],"fullName":"React Native style validation for CSS variables Extended shorthand should preserve outline none / 0 / mixed none for runtime clearing","invocations":1,"location":null,"numPassingAsserts":7,"retryReasons":[],"status":"passed","title":"should preserve outline none / 0 / mixed none for runtime clearing"},{"ancestorTitles":["React Native style validation for CSS variables","Extended shorthand"],"duration":1,"failureDetails":[],"failureMessages":[],"fullName":"React Native style validation for CSS variables Extended shorthand should keep outline-style longhand validation for non-none values","invocations":1,"location":null,"numPassingAsserts":3,"retryReasons":[],"status":"passed","title":"should keep outline-style longhand validation for non-none values"},{"ancestorTitles":["React Native style validation for CSS variables","Extended shorthand"],"duration":1,"failureDetails":[],"failureMessages":[],"fullName":"React Native style validation for CSS variables Extended shorthand should expand font shorthand subset","invocations":1,"location":null,"numPassingAsserts":5,"retryReasons":[],"status":"passed","title":"should expand font shorthand subset"},{"ancestorTitles":["React Native style validation for CSS variables","Extended shorthand"],"duration":1,"failureDetails":[],"failureMessages":[],"fullName":"React Native style validation for CSS variables Extended shorthand should expand font shorthand with spaced slash line-height","invocations":1,"location":null,"numPassingAsserts":3,"retryReasons":[],"status":"passed","title":"should expand font shorthand with spaced slash line-height"},{"ancestorTitles":["React Native style validation for CSS variables","Extended shorthand"],"duration":1,"failureDetails":[],"failureMessages":[],"fullName":"React Native style validation for CSS variables Extended shorthand should disambiguate font-weight number from font-size in font shorthand","invocations":1,"location":null,"numPassingAsserts":3,"retryReasons":[],"status":"passed","title":"should disambiguate font-weight number from font-size in font shorthand"},{"ancestorTitles":["React Native style validation for CSS variables","Extended shorthand"],"duration":1,"failureDetails":[],"failureMessages":[],"fullName":"React Native style validation for CSS variables Extended shorthand should error and drop whole font when required size/family missing","invocations":1,"location":null,"numPassingAsserts":3,"retryReasons":[],"status":"passed","title":"should error and drop whole font when required size/family missing"},{"ancestorTitles":["React Native style validation for CSS variables","Extended shorthand"],"duration":1,"failureDetails":[],"failureMessages":[],"fullName":"React Native style validation for CSS variables Extended shorthand should warn and ignore unsupported token but keep the rest of font","invocations":1,"location":null,"numPassingAsserts":3,"retryReasons":[],"status":"passed","title":"should warn and ignore unsupported token but keep the rest of font"},{"ancestorTitles":["React Native style validation for CSS variables","Extended shorthand"],"duration":0,"failureDetails":[],"failureMessages":[],"fullName":"React Native style validation for CSS variables Extended shorthand should keep single var() font as-is for runtime parsing","invocations":1,"location":null,"numPassingAsserts":3,"retryReasons":[],"status":"passed","title":"should keep single var() font as-is for runtime parsing"},{"ancestorTitles":["React Native style validation for CSS variables","font-variant multi-token"],"duration":0,"failureDetails":[],"failureMessages":[],"fullName":"React Native style validation for CSS variables font-variant multi-token should keep single-token font-variant","invocations":1,"location":null,"numPassingAsserts":3,"retryReasons":[],"status":"passed","title":"should keep single-token font-variant"},{"ancestorTitles":["React Native style validation for CSS variables","font-variant multi-token"],"duration":1,"failureDetails":[],"failureMessages":[],"fullName":"React Native style validation for CSS variables font-variant multi-token should keep multi-token font-variant (space separated)","invocations":1,"location":null,"numPassingAsserts":4,"retryReasons":[],"status":"passed","title":"should keep multi-token font-variant (space separated)"},{"ancestorTitles":["React Native style validation for CSS variables","font-variant multi-token"],"duration":0,"failureDetails":[],"failureMessages":[],"fullName":"React Native style validation for CSS variables font-variant multi-token should drop font-variant when any token is invalid","invocations":1,"location":null,"numPassingAsserts":2,"retryReasons":[],"status":"passed","title":"should drop font-variant when any token is invalid"},{"ancestorTitles":["React Native style validation for CSS variables","font-variant multi-token"],"duration":0,"failureDetails":[],"failureMessages":[],"fullName":"React Native style validation for CSS variables font-variant multi-token should keep font-variant with var() multi-token fallback","invocations":1,"location":null,"numPassingAsserts":3,"retryReasons":[],"status":"passed","title":"should keep font-variant with var() multi-token fallback"},{"ancestorTitles":["React Native style validation for CSS variables","Transform 3d unsupported axis"],"duration":1,"failureDetails":[],"failureMessages":[],"fullName":"React Native style validation for CSS variables Transform 3d unsupported axis should drop translate3d / scale3d z axis instead of emitting unsupported keys","invocations":1,"location":null,"numPassingAsserts":3,"retryReasons":[],"status":"passed","title":"should drop translate3d / scale3d z axis instead of emitting unsupported keys"}],"endTime":1790220263436,"message":"","name":"/workspace/packages/webpack-plugin/test/platform/wx/style/style-rn.spec.js","startTime":1790220262649,"status":"passed","summary":""},{"assertionResults":[{"ancestorTitles":["template if should transform correct","normal cases"],"duration":73,"failureDetails":[],"failureMessages":[],"fullName":"template if should transform correct normal cases should handle wx:if correctly","invocations":1,"location":null,"numPassingAsserts":4,"retryReasons":[],"status":"passed","title":"should handle wx:if correctly"},{"ancestorTitles":["template if should transform correct","normal cases"],"duration":3,"failureDetails":[],"failureMessages":[],"fullName":"template if should transform correct normal cases should handle if/elif/else correctly","invocations":1,"location":null,"numPassingAsserts":4,"retryReasons":[],"status":"passed","title":"should handle if/elif/else correctly"},{"ancestorTitles":["template if should transform correct","normal cases"],"duration":2,"failureDetails":[],"failureMessages":[],"fullName":"template if should transform correct normal cases should work with complex conditions","invocations":1,"location":null,"numPassingAsserts":4,"retryReasons":[],"status":"passed","title":"should work with complex conditions"},{"ancestorTitles":["template if should transform correct","normal cases"],"duration":2,"failureDetails":[],"failureMessages":[],"fullName":"template if should transform correct normal cases should remove node when condition is false","invocations":1,"location":null,"numPassingAsserts":4,"retryReasons":[],"status":"passed","title":"should remove node when condition is false"},{"ancestorTitles":["template if should transform correct","normal cases"],"duration":3,"failureDetails":[],"failureMessages":[],"fullName":"template if should transform correct normal cases should keep node when condition is true","invocations":1,"location":null,"numPassingAsserts":4,"retryReasons":[],"status":"passed","title":"should keep node when condition is true"},{"ancestorTitles":["template if should transform correct","normal cases"],"duration":2,"failureDetails":[],"failureMessages":[],"fullName":"template if should transform correct normal cases should keep node when condition is false","invocations":1,"location":null,"numPassingAsserts":4,"retryReasons":[],"status":"passed","title":"should keep node when condition is false"},{"ancestorTitles":["template if should transform correct","normal cases"],"duration":1,"failureDetails":[],"failureMessages":[],"fullName":"template if should transform correct normal cases should keep node when wx:elif condition is true","invocations":1,"location":null,"numPassingAsserts":4,"retryReasons":[],"status":"passed","title":"should keep node when wx:elif condition is true"},{"ancestorTitles":["template if should transform correct","normal cases"],"duration":1,"failureDetails":[],"failureMessages":[],"fullName":"template if should transform correct normal cases should remove node when wx:elif condition is false","invocations":1,"location":null,"numPassingAsserts":4,"retryReasons":[],"status":"passed","title":"should remove node when wx:elif condition is false"},{"ancestorTitles":["template if should transform correct","normal cases"],"duration":2,"failureDetails":[],"failureMessages":[],"fullName":"template if should transform correct normal cases should handle __mpx_mode__ in condition","invocations":1,"location":null,"numPassingAsserts":4,"retryReasons":[],"status":"passed","title":"should handle __mpx_mode__ in condition"},{"ancestorTitles":["template if should transform correct","normal cases"],"duration":1,"failureDetails":[],"failureMessages":[],"fullName":"template if should transform correct normal cases should keep node when condition cannot be evaluated","invocations":1,"location":null,"numPassingAsserts":4,"retryReasons":[],"status":"passed","title":"should keep node when condition cannot be evaluated"},{"ancestorTitles":["template if should transform correct","normal cases"],"duration":1,"failureDetails":[],"failureMessages":[],"fullName":"template if should transform correct normal cases should keep node when condition contains both static and dynamic parts","invocations":1,"location":null,"numPassingAsserts":4,"retryReasons":[],"status":"passed","title":"should keep node when condition contains both static and dynamic parts"},{"ancestorTitles":["template if should transform correct","normal cases"],"duration":1,"failureDetails":[],"failureMessages":[],"fullName":"template if should transform correct normal cases should handle static true wx:if with dynamic wx:elif","invocations":1,"location":null,"numPassingAsserts":4,"retryReasons":[],"status":"passed","title":"should handle static true wx:if with dynamic wx:elif"},{"ancestorTitles":["template if should transform correct","normal cases"],"duration":1,"failureDetails":[],"failureMessages":[],"fullName":"template if should transform correct normal cases should handle static true wx:if with static true wx:elif","invocations":1,"location":null,"numPassingAsserts":4,"retryReasons":[],"status":"passed","title":"should handle static true wx:if with static true wx:elif"},{"ancestorTitles":["template if should transform correct","normal cases"],"duration":3,"failureDetails":[],"failureMessages":[],"fullName":"template if should transform correct normal cases should handle static true wx:if with static false wx:elif","invocations":1,"location":null,"numPassingAsserts":4,"retryReasons":[],"status":"passed","title":"should handle static true wx:if with static false wx:elif"},{"ancestorTitles":["template if should transform correct","normal cases"],"duration":1,"failureDetails":[],"failureMessages":[],"fullName":"template if should transform correct normal cases should handle static false wx:if with dynamic wx:elif","invocations":1,"location":null,"numPassingAsserts":4,"retryReasons":[],"status":"passed","title":"should handle static false wx:if with dynamic wx:elif"},{"ancestorTitles":["template if should transform correct","normal cases"],"duration":1,"failureDetails":[],"failureMessages":[],"fullName":"template if should transform correct normal cases should handle static false wx:if with static true wx:elif","invocations":1,"location":null,"numPassingAsserts":4,"retryReasons":[],"status":"passed","title":"should handle static false wx:if with static true wx:elif"},{"ancestorTitles":["template if should transform correct","normal cases"],"duration":1,"failureDetails":[],"failureMessages":[],"fullName":"template if should transform correct normal cases should handle static false wx:if with static false wx:elif","invocations":1,"location":null,"numPassingAsserts":4,"retryReasons":[],"status":"passed","title":"should handle static false wx:if with static false wx:elif"},{"ancestorTitles":["template if should transform correct","normal cases"],"duration":1,"failureDetails":[],"failureMessages":[],"fullName":"template if should transform correct normal cases should handle static true wx:if with wx:elif and wx:else","invocations":1,"location":null,"numPassingAsserts":4,"retryReasons":[],"status":"passed","title":"should handle static true wx:if with wx:elif and wx:else"},{"ancestorTitles":["template if should transform correct","normal cases"],"duration":1,"failureDetails":[],"failureMessages":[],"fullName":"template if should transform correct normal cases should handle static false wx:if with static true wx:elif and wx:else","invocations":1,"location":null,"numPassingAsserts":4,"retryReasons":[],"status":"passed","title":"should handle static false wx:if with static true wx:elif and wx:else"},{"ancestorTitles":["template if should transform correct","normal cases"],"duration":1,"failureDetails":[],"failureMessages":[],"fullName":"template if should transform correct normal cases should handle static false wx:if with static false wx:elif and wx:else","invocations":1,"location":null,"numPassingAsserts":4,"retryReasons":[],"status":"passed","title":"should handle static false wx:if with static false wx:elif and wx:else"},{"ancestorTitles":["template if should transform correct","normal cases"],"duration":1,"failureDetails":[],"failureMessages":[],"fullName":"template if should transform correct normal cases should handle dynamic wx:if with static false wx:elif and wx:else","invocations":1,"location":null,"numPassingAsserts":4,"retryReasons":[],"status":"passed","title":"should handle dynamic wx:if with static false wx:elif and wx:else"},{"ancestorTitles":["template if should transform correct","normal cases"],"duration":1,"failureDetails":[],"failureMessages":[],"fullName":"template if should transform correct normal cases should handle dynamic wx:if with static true wx:elif and wx:else","invocations":1,"location":null,"numPassingAsserts":4,"retryReasons":[],"status":"passed","title":"should handle dynamic wx:if with static true wx:elif and wx:else"},{"ancestorTitles":["template if should transform correct","normal cases"],"duration":1,"failureDetails":[],"failureMessages":[],"fullName":"template if should transform correct normal cases should handle multiple dynamic wx:elif","invocations":1,"location":null,"numPassingAsserts":4,"retryReasons":[],"status":"passed","title":"should handle multiple dynamic wx:elif"},{"ancestorTitles":["template if should transform correct","normal cases"],"duration":1,"failureDetails":[],"failureMessages":[],"fullName":"template if should transform correct normal cases should handle multiple wx:elif with static false","invocations":1,"location":null,"numPassingAsserts":4,"retryReasons":[],"status":"passed","title":"should handle multiple wx:elif with static false"},{"ancestorTitles":["template if should transform correct","normal cases"],"duration":1,"failureDetails":[],"failureMessages":[],"fullName":"template if should transform correct normal cases should handle multiple wx:elif with static true in middle","invocations":1,"location":null,"numPassingAsserts":4,"retryReasons":[],"status":"passed","title":"should handle multiple wx:elif with static true in middle"},{"ancestorTitles":["template if should transform correct","normal cases"],"duration":1,"failureDetails":[],"failureMessages":[],"fullName":"template if should transform correct normal cases should handle static false wx:if with multiple wx:elif","invocations":1,"location":null,"numPassingAsserts":4,"retryReasons":[],"status":"passed","title":"should handle static false wx:if with multiple wx:elif"},{"ancestorTitles":["template if should transform correct","normal cases"],"duration":1,"failureDetails":[],"failureMessages":[],"fullName":"template if should transform correct normal cases should handle static false wx:if with multiple static false wx:elif","invocations":1,"location":null,"numPassingAsserts":4,"retryReasons":[],"status":"passed","title":"should handle static false wx:if with multiple static false wx:elif"},{"ancestorTitles":["template if should transform correct","normal cases"],"duration":1,"failureDetails":[],"failureMessages":[],"fullName":"template if should transform correct normal cases should handle multiple wx:elif with wx:else","invocations":1,"location":null,"numPassingAsserts":4,"retryReasons":[],"status":"passed","title":"should handle multiple wx:elif with wx:else"},{"ancestorTitles":["template if should transform correct","normal cases"],"duration":2,"failureDetails":[],"failureMessages":[],"fullName":"template if should transform correct normal cases should handle static false wx:if with multiple wx:elif and wx:else","invocations":1,"location":null,"numPassingAsserts":4,"retryReasons":[],"status":"passed","title":"should handle static false wx:if with multiple wx:elif and wx:else"},{"ancestorTitles":["template if should transform correct","normal cases"],"duration":1,"failureDetails":[],"failureMessages":[],"fullName":"template if should transform correct normal cases should handle static true in second wx:elif","invocations":1,"location":null,"numPassingAsserts":4,"retryReasons":[],"status":"passed","title":"should handle static true in second wx:elif"},{"ancestorTitles":["template if should transform correct","error cases"],"duration":5,"failureDetails":[],"failureMessages":[],"fullName":"template if should transform correct error cases should throw error when else used without if","invocations":1,"location":null,"numPassingAsserts":3,"retryReasons":[],"status":"passed","title":"should throw error when else used without if"},{"ancestorTitles":["template if should transform correct","error cases"],"duration":0,"failureDetails":[],"failureMessages":[],"fullName":"template if should transform correct error cases should throw error when elif used without if","invocations":1,"location":null,"numPassingAsserts":3,"retryReasons":[],"status":"passed","title":"should throw error when elif used without if"},{"ancestorTitles":["template if should transform correct","error cases"],"duration":1,"failureDetails":[],"failureMessages":[],"fullName":"template if should transform correct error cases should throw error when multiple else used","invocations":1,"location":null,"numPassingAsserts":3,"retryReasons":[],"status":"passed","title":"should throw error when multiple else used"},{"ancestorTitles":["template if should transform correct","error cases"],"duration":1,"failureDetails":[],"failureMessages":[],"fullName":"template if should transform correct error cases should throw error when elif used after else","invocations":1,"location":null,"numPassingAsserts":3,"retryReasons":[],"status":"passed","title":"should throw error when elif used after else"}],"endTime":1790220263444,"message":"","name":"/workspace/packages/webpack-plugin/test/platform/common/wx-if.spec.js","startTime":1790220262661,"status":"passed","summary":""},{"assertionResults":[{"ancestorTitles":["strip-conditional unit tests","stripCondition logic","CSS Block Comments /* ... */"],"duration":2,"failureDetails":[],"failureMessages":[],"fullName":"strip-conditional unit tests stripCondition logic CSS Block Comments /* ... */ should keep content when condition is true","invocations":1,"location":null,"numPassingAsserts":1,"retryReasons":[],"status":"passed","title":"should keep content when condition is true"},{"ancestorTitles":["strip-conditional unit tests","stripCondition logic","CSS Block Comments /* ... */"],"duration":1,"failureDetails":[],"failureMessages":[],"fullName":"strip-conditional unit tests stripCondition logic CSS Block Comments /* ... */ should remove content when condition is false","invocations":1,"location":null,"numPassingAsserts":2,"retryReasons":[],"status":"passed","title":"should remove content when condition is false"},{"ancestorTitles":["strip-conditional unit tests","stripCondition logic","CSS Block Comments /* ... */"],"duration":0,"failureDetails":[],"failureMessages":[],"fullName":"strip-conditional unit tests stripCondition logic CSS Block Comments /* ... */ should support elif and else","invocations":1,"location":null,"numPassingAsserts":3,"retryReasons":[],"status":"passed","title":"should support elif and else"},{"ancestorTitles":["strip-conditional unit tests","stripCondition logic","Line Comments // ..."],"duration":0,"failureDetails":[],"failureMessages":[],"fullName":"strip-conditional unit tests stripCondition logic Line Comments // ... should work with line comments","invocations":1,"location":null,"numPassingAsserts":1,"retryReasons":[],"status":"passed","title":"should work with line comments"},{"ancestorTitles":["strip-conditional unit tests","stripCondition logic","Line Comments // ..."],"duration":0,"failureDetails":[],"failureMessages":[],"fullName":"strip-conditional unit tests stripCondition logic Line Comments // ... should handle false condition with line comments","invocations":1,"location":null,"numPassingAsserts":2,"retryReasons":[],"status":"passed","title":"should handle false condition with line comments"},{"ancestorTitles":["strip-conditional unit tests","stripCondition logic","HTML Comments <!-- ... -->"],"duration":1,"failureDetails":[],"failureMessages":[],"fullName":"strip-conditional unit tests stripCondition logic HTML Comments <!-- ... --> should work with HTML comments","invocations":1,"location":null,"numPassingAsserts":1,"retryReasons":[],"status":"passed","title":"should work with HTML comments"},{"ancestorTitles":["strip-conditional unit tests","stripCondition logic","HTML Comments <!-- ... -->"],"duration":0,"failureDetails":[],"failureMessages":[],"fullName":"strip-conditional unit tests stripCondition logic HTML Comments <!-- ... --> should support multiline conditions in HTML comments","invocations":1,"location":null,"numPassingAsserts":1,"retryReasons":[],"status":"passed","title":"should support multiline conditions in HTML comments"},{"ancestorTitles":["strip-conditional unit tests","stripCondition logic","HTML Comments <!-- ... -->"],"duration":0,"failureDetails":[],"failureMessages":[],"fullName":"strip-conditional unit tests stripCondition logic HTML Comments <!-- ... --> should support elif/else in HTML comments","invocations":1,"location":null,"numPassingAsserts":3,"retryReasons":[],"status":"passed","title":"should support elif/else in HTML comments"},{"ancestorTitles":["strip-conditional unit tests","stripCondition logic","Error Handling"],"duration":16,"failureDetails":[],"failureMessages":[],"fullName":"strip-conditional unit tests stripCondition logic Error Handling should throw error when mpx-if is not closed","invocations":1,"location":null,"numPassingAsserts":1,"retryReasons":[],"status":"passed","title":"should throw error when mpx-if is not closed"},{"ancestorTitles":["strip-conditional unit tests","stripCondition logic","Error Handling"],"duration":1,"failureDetails":[],"failureMessages":[],"fullName":"strip-conditional unit tests stripCondition logic Error Handling should throw error when mpx-elif without preceding if","invocations":1,"location":null,"numPassingAsserts":1,"retryReasons":[],"status":"passed","title":"should throw error when mpx-elif without preceding if"},{"ancestorTitles":["strip-conditional unit tests","stripCondition logic","Error Handling"],"duration":0,"failureDetails":[],"failureMessages":[],"fullName":"strip-conditional unit tests stripCondition logic Error Handling should throw error when mpx-else without preceding if","invocations":1,"location":null,"numPassingAsserts":1,"retryReasons":[],"status":"passed","title":"should throw error when mpx-else without preceding if"},{"ancestorTitles":["strip-conditional unit tests","stripCondition logic","Nested Conditions"],"duration":1,"failureDetails":[],"failureMessages":[],"fullName":"strip-conditional unit tests stripCondition logic Nested Conditions should handle nested conditions","invocations":1,"location":null,"numPassingAsserts":3,"retryReasons":[],"status":"passed","title":"should handle nested conditions"},{"ancestorTitles":["strip-conditional unit tests","stripCondition logic","Nested Conditions"],"duration":0,"failureDetails":[],"failureMessages":[],"fullName":"strip-conditional unit tests stripCondition logic Nested Conditions should handle nested conditions with mixed comment types","invocations":1,"location":null,"numPassingAsserts":1,"retryReasons":[],"status":"passed","title":"should handle nested conditions with mixed comment types"},{"ancestorTitles":["strip-conditional unit tests","stripCondition logic","Complex Conditions"],"duration":0,"failureDetails":[],"failureMessages":[],"fullName":"strip-conditional unit tests stripCondition logic Complex Conditions should evaluate logical operators","invocations":1,"location":null,"numPassingAsserts":1,"retryReasons":[],"status":"passed","title":"should evaluate logical operators"},{"ancestorTitles":["strip-conditional unit tests","stripCondition logic","Complex Conditions"],"duration":1,"failureDetails":[],"failureMessages":[],"fullName":"strip-conditional unit tests stripCondition logic Complex Conditions should evaluate logical OR","invocations":1,"location":null,"numPassingAsserts":1,"retryReasons":[],"status":"passed","title":"should evaluate logical OR"},{"ancestorTitles":["strip-conditional unit tests","stripCondition logic","Edge Cases"],"duration":0,"failureDetails":[],"failureMessages":[],"fullName":"strip-conditional unit tests stripCondition logic Edge Cases should handle text outside conditions","invocations":1,"location":null,"numPassingAsserts":3,"retryReasons":[],"status":"passed","title":"should handle text outside conditions"},{"ancestorTitles":["strip-conditional unit tests","stripCondition logic","Edge Cases"],"duration":20,"failureDetails":[],"failureMessages":[],"fullName":"strip-conditional unit tests stripCondition logic Edge Cases should handle unknown variables in condition (treat as undefined/error handled)","invocations":1,"location":null,"numPassingAsserts":2,"retryReasons":[],"status":"passed","title":"should handle unknown variables in condition (treat as undefined/error handled)"},{"ancestorTitles":["strip-conditional unit tests","stripCondition logic","Edge Cases"],"duration":0,"failureDetails":[],"failureMessages":[],"fullName":"strip-conditional unit tests stripCondition logic Edge Cases should preserve original line count after stripping","invocations":1,"location":null,"numPassingAsserts":3,"retryReasons":[],"status":"passed","title":"should preserve original line count after stripping"},{"ancestorTitles":["strip-conditional unit tests","stripCondition logic","Edge Cases"],"duration":2,"failureDetails":[],"failureMessages":[],"fullName":"strip-conditional unit tests stripCondition logic Edge Cases should preserve line positions for content after stripped branches","invocations":1,"location":null,"numPassingAsserts":1,"retryReasons":[],"status":"passed","title":"should preserve line positions for content after stripped branches"},{"ancestorTitles":["strip-conditional unit tests","stripCondition logic","Edge Cases"],"duration":1,"failureDetails":[],"failureMessages":[],"fullName":"strip-conditional unit tests stripCondition logic Edge Cases should use a stable branch indentation for stripped content","invocations":1,"location":null,"numPassingAsserts":4,"retryReasons":[],"status":"passed","title":"should use a stable branch indentation for stripped content"},{"ancestorTitles":["strip-conditional unit tests","stripCondition logic","Edge Cases"],"duration":3,"failureDetails":[],"failureMessages":[],"fullName":"strip-conditional unit tests stripCondition logic Edge Cases should remove placeholder comments in postcss output","invocations":1,"location":null,"numPassingAsserts":3,"retryReasons":[],"status":"passed","title":"should remove placeholder comments in postcss output"},{"ancestorTitles":["strip-conditional unit tests","stripCondition logic","Edge Cases"],"duration":1,"failureDetails":[],"failureMessages":[],"fullName":"strip-conditional unit tests stripCondition logic Edge Cases should pad style blocks with removable comments","invocations":1,"location":null,"numPassingAsserts":3,"retryReasons":[],"status":"passed","title":"should pad style blocks with removable comments"},{"ancestorTitles":["strip-conditional unit tests","stripCondition logic","end-to-end pipeline (strip-conditional → stylus → postcss → sourcemap)"],"duration":19,"failureDetails":[],"failureMessages":[],"fullName":"strip-conditional unit tests stripCondition logic end-to-end pipeline (strip-conditional → stylus → postcss → sourcemap) should not leave an invalid indentation block after stripping nested stylus rules","invocations":1,"location":null,"numPassingAsserts":2,"retryReasons":[],"status":"passed","title":"should not leave an invalid indentation block after stripping nested stylus rules"},{"ancestorTitles":["strip-conditional unit tests","stripCondition logic","end-to-end pipeline (strip-conditional → stylus → postcss → sourcemap)"],"duration":17,"failureDetails":[],"failureMessages":[],"fullName":"strip-conditional unit tests stripCondition logic end-to-end pipeline (strip-conditional → stylus → postcss → sourcemap) preserves source line positions through the full style pipeline","invocations":1,"location":null,"numPassingAsserts":10,"retryReasons":[],"status":"passed","title":"preserves source line positions through the full style pipeline"},{"ancestorTitles":["strip-conditional unit tests","stripCondition for .mpx"],"duration":0,"failureDetails":[],"failureMessages":[],"fullName":"strip-conditional unit tests stripCondition for .mpx should only strip conditions inside <style> blocks","invocations":1,"location":null,"numPassingAsserts":3,"retryReasons":[],"status":"passed","title":"should only strip conditions inside <style> blocks"},{"ancestorTitles":["strip-conditional unit tests","stripCondition for .mpx"],"duration":1,"failureDetails":[],"failureMessages":[],"fullName":"strip-conditional unit tests stripCondition for .mpx should handle multiple <style> blocks","invocations":1,"location":null,"numPassingAsserts":3,"retryReasons":[],"status":"passed","title":"should handle multiple <style> blocks"},{"ancestorTitles":["strip-conditional unit tests","stripCondition for .mpx"],"duration":3,"failureDetails":[],"failureMessages":[],"fullName":"strip-conditional unit tests stripCondition for .mpx should return original content and log error when conditional directive appears in <template> section","invocations":1,"location":null,"numPassingAsserts":4,"retryReasons":[],"status":"passed","title":"should return original content and log error when conditional directive appears in <template> section"},{"ancestorTitles":["strip-conditional unit tests","stripCondition for .mpx"],"duration":1,"failureDetails":[],"failureMessages":[],"fullName":"strip-conditional unit tests stripCondition for .mpx should return original content and log error when conditional directive appears in <script> section","invocations":1,"location":null,"numPassingAsserts":1,"retryReasons":[],"status":"passed","title":"should return original content and log error when conditional directive appears in <script> section"},{"ancestorTitles":["strip-conditional unit tests","stripCondition for .mpx"],"duration":1,"failureDetails":[],"failureMessages":[],"fullName":"strip-conditional unit tests stripCondition for .mpx should return original content and log error when conditional directive appears after last </style>","invocations":1,"location":null,"numPassingAsserts":1,"retryReasons":[],"status":"passed","title":"should return original content and log error when conditional directive appears after last </style>"},{"ancestorTitles":["strip-conditional unit tests","stripCondition for .mpx"],"duration":0,"failureDetails":[],"failureMessages":[],"fullName":"strip-conditional unit tests stripCondition for .mpx should preserve non-style content unchanged","invocations":1,"location":null,"numPassingAsserts":3,"retryReasons":[],"status":"passed","title":"should preserve non-style content unchanged"},{"ancestorTitles":["strip-conditional unit tests","stripCondition for .mpx"],"duration":0,"failureDetails":[],"failureMessages":[],"fullName":"strip-conditional unit tests stripCondition for .mpx should work with .mpx file that has no <style> and no directives","invocations":1,"location":null,"numPassingAsserts":1,"retryReasons":[],"status":"passed","title":"should work with .mpx file that has no <style> and no directives"},{"ancestorTitles":["strip-conditional unit tests","stripCondition for .mpx"],"duration":0,"failureDetails":[],"failureMessages":[],"fullName":"strip-conditional unit tests stripCondition for .mpx should handle style block with attributes correctly","invocations":1,"location":null,"numPassingAsserts":2,"retryReasons":[],"status":"passed","title":"should handle style block with attributes correctly"}],"endTime":1790220263670,"message":"","name":"/workspace/packages/webpack-plugin/test/platform/common/style-strip-condition.spec.js","startTime":1790220263456,"status":"passed","summary":""},{"assertionResults":[{"ancestorTitles":["require.async"],"duration":231,"failureDetails":[],"failureMessages":[],"fullName":"require.async should remove root query when RN subpackage is transformed to main package","invocations":1,"location":null,"numPassingAsserts":6,"retryReasons":[],"status":"passed","title":"should remove root query when RN subpackage is transformed to main package"},{"ancestorTitles":["require.async"],"duration":22,"failureDetails":[],"failureMessages":[],"fullName":"require.async should preserve async chunk behavior for RN transformed subpackage","invocations":1,"location":null,"numPassingAsserts":6,"retryReasons":[],"status":"passed","title":"should preserve async chunk behavior for RN transformed subpackage"},{"ancestorTitles":["require.async"],"duration":20,"failureDetails":[],"failureMessages":[],"fullName":"require.async should preserve async chunk behavior for Web subpackage","invocations":1,"location":null,"numPassingAsserts":6,"retryReasons":[],"status":"passed","title":"should preserve async chunk behavior for Web subpackage"},{"ancestorTitles":["require.async"],"duration":30,"failureDetails":[],"failureMessages":[],"fullName":"require.async should preserve async entry behavior for supported mini program","invocations":1,"location":null,"numPassingAsserts":6,"retryReasons":[],"status":"passed","title":"should preserve async entry behavior for supported mini program"},{"ancestorTitles":["require.async"],"duration":17,"failureDetails":[],"failureMessages":[],"fullName":"require.async should remove root query when degrading RN with subpackages disabled","invocations":1,"location":null,"numPassingAsserts":6,"retryReasons":[],"status":"passed","title":"should remove root query when degrading RN with subpackages disabled"},{"ancestorTitles":["require.async"],"duration":21,"failureDetails":[],"failureMessages":[],"fullName":"require.async should remove root query when degrading unsupported mini program","invocations":1,"location":null,"numPassingAsserts":6,"retryReasons":[],"status":"passed","title":"should remove root query when degrading unsupported mini program"},{"ancestorTitles":["require.async"],"duration":21,"failureDetails":[],"failureMessages":[],"fullName":"require.async should warn when require.async has no root declaration","invocations":1,"location":null,"numPassingAsserts":2,"retryReasons":[],"status":"passed","title":"should warn when require.async has no root declaration"},{"ancestorTitles":["require.async"],"duration":13,"failureDetails":[],"failureMessages":[],"fullName":"require.async should preserve root inferred from asyncSubpackageRules","invocations":1,"location":null,"numPassingAsserts":4,"retryReasons":[],"status":"passed","title":"should preserve root inferred from asyncSubpackageRules"}],"endTime":1790220263988,"message":"","name":"/workspace/packages/webpack-plugin/test/integration/require-async.spec.js","startTime":1790220263449,"status":"passed","summary":""},{"assertionResults":[{"ancestorTitles":["output global object"],"duration":162,"failureDetails":[],"failureMessages":[],"fullName":"output global object uses the expected value for serve miniprogram","invocations":1,"location":null,"numPassingAsserts":1,"retryReasons":[],"status":"passed","title":"uses the expected value for serve miniprogram"},{"ancestorTitles":["output global object"],"duration":7,"failureDetails":[],"failureMessages":[],"fullName":"output global object uses the expected value for optimized serve miniprogram","invocations":1,"location":null,"numPassingAsserts":1,"retryReasons":[],"status":"passed","title":"uses the expected value for optimized serve miniprogram"},{"ancestorTitles":["output global object"],"duration":96,"failureDetails":[],"failureMessages":[],"fullName":"output global object uses the expected value for production miniprogram","invocations":1,"location":null,"numPassingAsserts":1,"retryReasons":[],"status":"passed","title":"uses the expected value for production miniprogram"},{"ancestorTitles":["output global object"],"duration":3,"failureDetails":[],"failureMessages":[],"fullName":"output global object uses the expected value for optimized production miniprogram","invocations":1,"location":null,"numPassingAsserts":1,"retryReasons":[],"status":"passed","title":"uses the expected value for optimized production miniprogram"},{"ancestorTitles":["output global object"],"duration":2,"failureDetails":[],"failureMessages":[],"fullName":"output global object uses the expected value for web","invocations":1,"location":null,"numPassingAsserts":1,"retryReasons":[],"status":"passed","title":"uses the expected value for web"},{"ancestorTitles":["output global object"],"duration":1,"failureDetails":[],"failureMessages":[],"fullName":"output global object uses the expected value for react","invocations":1,"location":null,"numPassingAsserts":1,"retryReasons":[],"status":"passed","title":"uses the expected value for react"}],"endTime":1790220264132,"message":"","name":"/workspace/packages/webpack-plugin/test/global-object.spec.js","startTime":1790220263688,"status":"passed","summary":""},{"assertionResults":[{"ancestorTitles":["createTemplateComponent"],"duration":93,"failureDetails":[],"failureMessages":[],"fullName":"createTemplateComponent proxies $slots to __mpxHost.$slots via getter (§2.8)","invocations":1,"location":null,"numPassingAsserts":3,"retryReasons":[],"status":"passed","title":"proxies $slots to __mpxHost.$slots via getter (§2.8)"},{"ancestorTitles":["createTemplateComponent"],"duration":4,"failureDetails":[],"failureMessages":[],"fullName":"createTemplateComponent does not throw when __mpxHost is missing","invocations":1,"location":null,"numPassingAsserts":1,"retryReasons":[],"status":"passed","title":"does not throw when __mpxHost is missing"},{"ancestorTitles":["createTemplateComponent"],"duration":5,"failureDetails":[],"failureMessages":[],"fullName":"createTemplateComponent mpxData proxy uses getter: new object literal on prop update still reads current fields","invocations":1,"location":null,"numPassingAsserts":2,"retryReasons":[],"status":"passed","title":"mpxData proxy uses getter: new object literal on prop update still reads current fields"},{"ancestorTitles":["createTemplateComponent"],"duration":13,"failureDetails":[],"failureMessages":[],"fullName":"createTemplateComponent throws when render is missing","invocations":1,"location":null,"numPassingAsserts":1,"retryReasons":[],"status":"passed","title":"throws when render is missing"}],"endTime":1790220264193,"message":"","name":"/workspace/packages/webpack-plugin/test/runtime/create-template-component.spec.js","startTime":1790220263996,"status":"passed","summary":""},{"assertionResults":[{"ancestorTitles":["RN process template"],"duration":25,"failureDetails":[],"failureMessages":[],"fullName":"RN process template should process main template and local templates","invocations":1,"location":null,"numPassingAsserts":6,"retryReasons":[],"status":"passed","title":"should process main template and local templates"},{"ancestorTitles":["RN process template"],"duration":1,"failureDetails":[],"failureMessages":[],"fullName":"RN process template should preserve srcMode for local template definitions","invocations":1,"location":null,"numPassingAsserts":4,"retryReasons":[],"status":"passed","title":"should preserve srcMode for local template definitions"},{"ancestorTitles":["RN process template"],"duration":3,"failureDetails":[],"failureMessages":[],"fullName":"RN process template should preserve srcMode for mode block","invocations":1,"location":null,"numPassingAsserts":3,"retryReasons":[],"status":"passed","title":"should preserve srcMode for mode block"},{"ancestorTitles":["RN process template"],"duration":3,"failureDetails":[],"failureMessages":[],"fullName":"RN process template sets injectOptions.disableMemo when template has <import> (conservative RN slot memo)","invocations":1,"location":null,"numPassingAsserts":4,"retryReasons":[],"status":"passed","title":"sets injectOptions.disableMemo when template has <import> (conservative RN slot memo)"},{"ancestorTitles":["RN process template"],"duration":1,"failureDetails":[],"failureMessages":[],"fullName":"RN process template should not generate getTemplate helper when no template source exists","invocations":1,"location":null,"numPassingAsserts":4,"retryReasons":[],"status":"passed","title":"should not generate getTemplate helper when no template source exists"},{"ancestorTitles":["RN process template"],"duration":10,"failureDetails":[],"failureMessages":[],"fullName":"RN process template should transform static image src to webpack require","invocations":1,"location":null,"numPassingAsserts":9,"retryReasons":[],"status":"passed","title":"should transform static image src to webpack require"},{"ancestorTitles":["RN process template"],"duration":4,"failureDetails":[],"failureMessages":[],"fullName":"RN process template should transform static audio src when audio is configured as custom built-in component","invocations":1,"location":null,"numPassingAsserts":3,"retryReasons":[],"status":"passed","title":"should transform static audio src when audio is configured as custom built-in component"},{"ancestorTitles":["RN process template"],"duration":115,"failureDetails":[],"failureMessages":[],"fullName":"RN process template should handle errors in template generation","invocations":1,"location":null,"numPassingAsserts":0,"retryReasons":[],"status":"passed","title":"should handle errors in template generation"}],"endTime":1790220264354,"message":"","name":"/workspace/packages/webpack-plugin/test/template-compiler/rn-process-template.spec.js","startTime":1790220264138,"status":"passed","summary":""},{"assertionResults":[{"ancestorTitles":["platform diagnostic"],"duration":12,"failureDetails":[],"failureMessages":[],"fullName":"platform diagnostic reports template errors with attribute location and code frame","invocations":1,"location":null,"numPassingAsserts":5,"retryReasons":[],"status":"passed","title":"reports template errors with attribute location and code frame"},{"ancestorTitles":["platform diagnostic"],"duration":2,"failureDetails":[],"failureMessages":[],"fullName":"platform diagnostic reports style errors with sourcemap original location","invocations":1,"location":null,"numPassingAsserts":6,"retryReasons":[],"status":"passed","title":"reports style errors with sourcemap original location"},{"ancestorTitles":["platform diagnostic"],"duration":20,"failureDetails":[],"failureMessages":[],"fullName":"platform diagnostic reports a specific warning when @font-face is used in React Native output","invocations":1,"location":null,"numPassingAsserts":5,"retryReasons":[],"status":"passed","title":"reports a specific warning when @font-face is used in React Native output"},{"ancestorTitles":["platform diagnostic"],"duration":1,"failureDetails":[],"failureMessages":[],"fullName":"platform diagnostic reports json errors with key path","invocations":1,"location":null,"numPassingAsserts":4,"retryReasons":[],"status":"passed","title":"reports json errors with key path"},{"ancestorTitles":["platform diagnostic"],"duration":1,"failureDetails":[],"failureMessages":[],"fullName":"platform diagnostic reports json delete path errors separately","invocations":1,"location":null,"numPassingAsserts":3,"retryReasons":[],"status":"passed","title":"reports json delete path errors separately"},{"ancestorTitles":["platform diagnostic"],"duration":45,"failureDetails":[],"failureMessages":[],"fullName":"platform diagnostic reports diagnostics from a complete mpx file pipeline","invocations":1,"location":null,"numPassingAsserts":9,"retryReasons":[],"status":"passed","title":"reports diagnostics from a complete mpx file pipeline"}],"endTime":1790220264393,"message":"","name":"/workspace/packages/webpack-plugin/test/platform/common/platform-diagnostic.spec.js","startTime":1790220264199,"status":"passed","summary":""},{"assertionResults":[{"ancestorTitles":["MpxPicker RN runtime"],"duration":3,"failureDetails":[],"failureMessages":[],"fullName":"MpxPicker RN runtime passes selector props to popup content after filtering root props","invocations":1,"location":null,"numPassingAsserts":6,"retryReasons":[],"status":"passed","title":"passes selector props to popup content after filtering root props"},{"ancestorTitles":["MpxPicker RN runtime"],"duration":1,"failureDetails":[],"failureMessages":[],"fullName":"MpxPicker RN runtime filters time-specific props from the trigger view","invocations":1,"location":null,"numPassingAsserts":4,"retryReasons":[],"status":"passed","title":"filters time-specific props from the trigger view"},{"ancestorTitles":["MpxPicker RN runtime"],"duration":0,"failureDetails":[],"failureMessages":[],"fullName":"MpxPicker RN runtime filters date-specific props from the trigger view","invocations":1,"location":null,"numPassingAsserts":2,"retryReasons":[],"status":"passed","title":"filters date-specific props from the trigger view"},{"ancestorTitles":["MpxPicker RN runtime"],"duration":1,"failureDetails":[],"failureMessages":[],"fullName":"MpxPicker RN runtime filters region-specific props from the trigger view","invocations":1,"location":null,"numPassingAsserts":4,"retryReasons":[],"status":"passed","title":"filters region-specific props from the trigger view"},{"ancestorTitles":["MpxPicker RN runtime"],"duration":1,"failureDetails":[],"failureMessages":[],"fullName":"MpxPicker RN runtime updates multi-selector range with the latest range key","invocations":1,"location":null,"numPassingAsserts":2,"retryReasons":[],"status":"passed","title":"updates multi-selector range with the latest range key"},{"ancestorTitles":["MpxPicker RN runtime"],"duration":2,"failureDetails":[],"failureMessages":[],"fullName":"MpxPicker RN runtime formats an updated multi-selector range with the provided range key","invocations":1,"location":null,"numPassingAsserts":1,"retryReasons":[],"status":"passed","title":"formats an updated multi-selector range with the provided range key"},{"ancestorTitles":["MpxPicker RN runtime"],"duration":0,"failureDetails":[],"failureMessages":[],"fullName":"MpxPicker RN runtime defaults omitted selector range to empty array","invocations":1,"location":null,"numPassingAsserts":2,"retryReasons":[],"status":"passed","title":"defaults omitted selector range to empty array"},{"ancestorTitles":["MpxPicker RN runtime"],"duration":1,"failureDetails":[],"failureMessages":[],"fullName":"MpxPicker RN runtime updates selector popup content before showing when range changes","invocations":1,"location":null,"numPassingAsserts":4,"retryReasons":[],"status":"passed","title":"updates selector popup content before showing when range changes"},{"ancestorTitles":["MpxPicker RN runtime"],"duration":1,"failureDetails":[],"failureMessages":[],"fullName":"MpxPicker RN runtime updates popup content height before showing when header text changes","invocations":1,"location":null,"numPassingAsserts":2,"retryReasons":[],"status":"passed","title":"updates popup content height before showing when header text changes"},{"ancestorTitles":["MpxPicker RN runtime"],"duration":0,"failureDetails":[],"failureMessages":[],"fullName":"MpxPicker RN runtime passes text style through to trigger children","invocations":1,"location":null,"numPassingAsserts":2,"retryReasons":[],"status":"passed","title":"passes text style through to trigger children"},{"ancestorTitles":["MpxPicker RN runtime"],"duration":0,"failureDetails":[],"failureMessages":[],"fullName":"MpxPicker RN runtime warns when background image-related styles are used","invocations":1,"location":null,"numPassingAsserts":2,"retryReasons":[],"status":"passed","title":"warns when background image-related styles are used"}],"endTime":1790220264463,"message":"","name":"/workspace/packages/webpack-plugin/test/runtime/react-native/mpx-picker.spec.ts","startTime":1790220264399,"status":"passed","summary":""},{"assertionResults":[{"ancestorTitles":["RN template support"],"duration":8,"failureDetails":[],"failureMessages":[],"fullName":"RN template support should preserve registered RN components for target-native templates","invocations":1,"location":null,"numPassingAsserts":4,"retryReasons":[],"status":"passed","title":"should preserve registered RN components for target-native templates"},{"ancestorTitles":["RN template support"],"duration":0,"failureDetails":[],"failureMessages":[],"fullName":"RN template support should preserve srcMode inside local template definitions","invocations":1,"location":null,"numPassingAsserts":4,"retryReasons":[],"status":"passed","title":"should preserve srcMode inside local template definitions"},{"ancestorTitles":["RN template support"],"duration":7,"failureDetails":[],"failureMessages":[],"fullName":"RN template support should generate correct code for template import and definition","invocations":1,"location":null,"numPassing
[...]
0265869,"message":"","name":"/workspace/packages/webpack-plugin/test/runtime/react-native/text-percent-pass-through.spec.ts","startTime":1790220265512,"status":"passed","summary":""},{"assertionResults":[{"ancestorTitles":["MpxView background image size resolution"],"duration":4,"failureDetails":[],"failureMessages":[],"fullName":"MpxView background image size resolution rejects SVG urls including query/hash forms","invocations":1,"location":null,"numPassingAsserts":2,"retryReasons":[],"status":"passed","title":"rejects SVG urls including query/hash forms"},{"ancestorTitles":["MpxView background image size resolution"],"duration":8,"failureDetails":[],"failureMessages":[],"fullName":"MpxView background image size resolution renders fixed bitmap background immediately with stretch and no query","invocations":1,"location":null,"numPassingAsserts":5,"retryReasons":[],"status":"passed","title":"renders fixed bitmap background immediately with stretch and no query"},{"ancestorTitles":["MpxView background image size resolution"],"duration":3,"failureDetails":[],"failureMessages":[],"fullName":"MpxView background image size resolution precollects image and layout facts and consumes them after false to true transition","invocations":1,"location":null,"numPassingAsserts":3,"retryReasons":[],"status":"passed","title":"precollects image and layout facts and consumes them after false to true transition"},{"ancestorTitles":["MpxView background image size resolution"],"duration":2,"failureDetails":[],"failureMessages":[],"fullName":"MpxView background image size resolution keeps the real bitmap mounted while an active query is pending and keeps the first result","invocations":1,"location":null,"numPassingAsserts":3,"retryReasons":[],"status":"passed","title":"keeps the real bitmap mounted while an active query is pending and keeps the first result"},{"ancestorTitles":["MpxView background image size resolution"],"duration":2,"failureDetails":[],"failureMessages":[],"fullName":"MpxView background image size resolution uses getSize without an onLoad size path on Android","invocations":1,"location":null,"numPassingAsserts":4,"retryReasons":[],"status":"passed","title":"uses getSize without an onLoad size path on Android"},{"ancestorTitles":["MpxView background image size resolution"],"duration":2,"failureDetails":[],"failureMessages":[],"fullName":"MpxView background image size resolution publishes only after both facts are ready when image size arrives first","invocations":1,"location":null,"numPassingAsserts":3,"retryReasons":[],"status":"passed","title":"publishes only after both facts are ready when image size arrives first"},{"ancestorTitles":["MpxView background image size resolution"],"duration":1,"failureDetails":[],"failureMessages":[],"fullName":"MpxView background image size resolution publishes only after both facts are ready when layout arrives first","invocations":1,"location":null,"numPassingAsserts":3,"retryReasons":[],"status":"passed","title":"publishes only after both facts are ready when layout arrives first"},{"ancestorTitles":["MpxView background image size resolution"],"duration":1,"failureDetails":[],"failureMessages":[],"fullName":"MpxView background image size resolution ignores background layout changes when both size deviations are below 0.5","invocations":1,"location":null,"numPassingAsserts":2,"retryReasons":[],"status":"passed","title":"ignores background layout changes when both size deviations are below 0.5"},{"ancestorTitles":["MpxView background image size resolution"],"duration":0,"failureDetails":[],"failureMessages":[],"fullName":"MpxView background image size resolution accepts zero background layout size (200, 0)","invocations":1,"location":null,"numPassingAsserts":2,"retryReasons":[],"status":"passed","title":"accepts zero background layout size (200, 0)"},{"ancestorTitles":["MpxView background image size resolution"],"duration":1,"failureDetails":[],"failureMessages":[],"fullName":"MpxView background image size resolution accepts zero background layout size (0, 100)","invocations":1,"location":null,"numPassingAsserts":2,"retryReasons":[],"status":"passed","title":"accepts zero background layout size (0, 100)"},{"ancestorTitles":["MpxView background image size resolution"],"duration":1,"failureDetails":[],"failureMessages":[],"fullName":"MpxView background image size resolution resolves auto auto with stretch and explicit positioning","invocations":1,"location":null,"numPassingAsserts":3,"retryReasons":[],"status":"passed","title":"resolves auto auto with stretch and explicit positioning"},{"ancestorTitles":["MpxView background image size resolution"],"duration":1,"failureDetails":[],"failureMessages":[],"fullName":"MpxView background image size resolution resolves fixed width with auto height with stretch and explicit positioning","invocations":1,"location":null,"numPassingAsserts":3,"retryReasons":[],"status":"passed","title":"resolves fixed width with auto height with stretch and explicit positioning"},{"ancestorTitles":["MpxView background image size resolution"],"duration":0,"failureDetails":[],"failureMessages":[],"fullName":"MpxView background image size resolution resolves auto width with fixed height with stretch and explicit positioning","invocations":1,"location":null,"numPassingAsserts":3,"retryReasons":[],"status":"passed","title":"resolves auto width with fixed height with stretch and explicit positioning"},{"ancestorTitles":["MpxView background image size resolution"],"duration":0,"failureDetails":[],"failureMessages":[],"fullName":"MpxView background image size resolution resolves cover with stretch and explicit positioning","invocations":1,"location":null,"numPassingAsserts":3,"retryReasons":[],"status":"passed","title":"resolves cover with stretch and explicit positioning"},{"ancestorTitles":["MpxView background image size resolution"],"duration":1,"failureDetails":[],"failureMessages":[],"fullName":"MpxView background image size resolution caches stale dynamic source facts and reuses them when the source returns","invocations":1,"location":null,"numPassingAsserts":7,"retryReasons":[],"status":"passed","title":"caches stale dynamic source facts and reuses them when the source returns"},{"ancestorTitles":["MpxView background image size resolution"],"duration":1,"failureDetails":[],"failureMessages":[],"fullName":"MpxView background image size resolution uses current need when an earlier background query returns","invocations":1,"location":null,"numPassingAsserts":2,"retryReasons":[],"status":"passed","title":"uses current need when an earlier background query returns"},{"ancestorTitles":["MpxView background image size resolution"],"duration":1,"failureDetails":[],"failureMessages":[],"fullName":"MpxView background image size resolution publishes an earlier background query result when current need becomes true again","invocations":1,"location":null,"numPassingAsserts":2,"retryReasons":[],"status":"passed","title":"publishes an earlier background query result when current need becomes true again"},{"ancestorTitles":["MpxView background image size resolution"],"duration":1,"failureDetails":[],"failureMessages":[],"fullName":"MpxView background image size resolution precollects passive background facts without concurrent commits for auto facts","invocations":1,"location":null,"numPassingAsserts":8,"retryReasons":[],"status":"passed","title":"precollects passive background facts without concurrent commits for auto facts"},{"ancestorTitles":["MpxView background image size resolution"],"duration":2,"failureDetails":[],"failureMessages":[],"fullName":"MpxView background image size resolution precollects passive background facts without concurrent commits for percentage layout","invocations":1,"location":null,"numPassingAsserts":8,"retryReasons":[],"status":"passed","title":"precollects passive background facts without concurrent commits for percentage layout"},{"ancestorTitles":["MpxView background image size resolution"],"duration":1,"failureDetails":[],"failureMessages":[],"fullName":"MpxView background image size resolution precollects passive background facts without concurrent commits for cover facts","invocations":1,"location":null,"numPassingAsserts":8,"retryReasons":[],"status":"passed","title":"precollects passive background facts without concurrent commits for cover facts"},{"ancestorTitles":["MpxView background image size resolution"],"duration":1,"failureDetails":[],"failureMessages":[],"fullName":"MpxView background image size resolution uses concurrent current need and keeps the first background size fact after committed transitions","invocations":1,"location":null,"numPassingAsserts":7,"retryReasons":[],"status":"passed","title":"uses concurrent current need and keeps the first background size fact after committed transitions"}],"endTime":1790220266017,"message":"","name":"/workspace/packages/webpack-plugin/test/runtime/react-native/mpx-view-background-image.spec.ts","startTime":1790220265535,"status":"passed","summary":""},{"assertionResults":[{"ancestorTitles":["mpx-view linear-gradient parser"],"duration":1,"failureDetails":[],"failureMessages":[],"fullName":"mpx-view linear-gradient parser keeps non-deg angle units as explicit gradient direction","invocations":1,"location":null,"numPassingAsserts":3,"retryReasons":[],"status":"passed","title":"keeps non-deg angle units as explicit gradient direction"},{"ancestorTitles":["mpx-view linear-gradient parser"],"duration":1,"failureDetails":[],"failureMessages":[],"fullName":"mpx-view linear-gradient parser does not strip \"to\" from colors when angle is explicit","invocations":1,"location":null,"numPassingAsserts":2,"retryReasons":[],"status":"passed","title":"does not strip \"to\" from colors when angle is explicit"},{"ancestorTitles":["mpx-view linear-gradient parser"],"duration":12,"failureDetails":[],"failureMessages":[],"fullName":"mpx-view linear-gradient parser renders fixed diagonal gradient without layout and ignores passive layout for publishing","invocations":1,"location":null,"numPassingAsserts":3,"retryReasons":[],"status":"passed","title":"renders fixed diagonal gradient without layout and ignores passive layout for publishing"},{"ancestorTitles":["mpx-view linear-gradient parser"],"duration":2,"failureDetails":[],"failureMessages":[],"fullName":"mpx-view linear-gradient parser waits for layout when diagonal gradient size is default","invocations":1,"location":null,"numPassingAsserts":3,"retryReasons":[],"status":"passed","title":"waits for layout when diagonal gradient size is default"},{"ancestorTitles":["mpx-view linear-gradient parser"],"duration":1,"failureDetails":[],"failureMessages":[],"fullName":"mpx-view linear-gradient parser waits for layout when diagonal gradient size is auto","invocations":1,"location":null,"numPassingAsserts":3,"retryReasons":[],"status":"passed","title":"waits for layout when diagonal gradient size is auto"},{"ancestorTitles":["mpx-view linear-gradient parser"],"duration":2,"failureDetails":[],"failureMessages":[],"fullName":"mpx-view linear-gradient parser waits for layout when diagonal gradient size is cover","invocations":1,"location":null,"numPassingAsserts":3,"retryReasons":[],"status":"passed","title":"waits for layout when diagonal gradient size is cover"},{"ancestorTitles":["mpx-view linear-gradient parser"],"duration":1,"failureDetails":[],"failureMessages":[],"fullName":"mpx-view linear-gradient parser waits for layout when diagonal gradient size is contain","invocations":1,"location":null,"numPassingAsserts":3,"retryReasons":[],"status":"passed","title":"waits for layout when diagonal gradient size is contain"},{"ancestorTitles":["mpx-view linear-gradient parser"],"duration":1,"failureDetails":[],"failureMessages":[],"fullName":"mpx-view linear-gradient parser waits for layout when diagonal gradient size is percentage","invocations":1,"location":null,"numPassingAsserts":3,"retryReasons":[],"status":"passed","title":"waits for layout when diagonal gradient size is percentage"}],"endTime":1790220266082,"message":"","name":"/workspace/packages/webpack-plugin/test/runtime/react-native/mpx-view-gradient.spec.ts","startTime":1790220265528,"status":"passed","summary":""},{"assertionResults":[{"ancestorTitles":["MpxImage size resolution"],"duration":6,"failureDetails":[],"failureMessages":[],"fullName":"MpxImage size resolution renders scaleToFill directly without querying","invocations":1,"location":null,"numPassingAsserts":5,"retryReasons":[],"status":"passed","title":"renders scaleToFill directly without querying"},{"ancestorTitles":["MpxImage size resolution"],"duration":1,"failureDetails":[],"failureMessages":[],"fullName":"MpxImage size resolution renders aspectFit directly without querying","invocations":1,"location":null,"numPassingAsserts":5,"retryReasons":[],"status":"passed","title":"renders aspectFit directly without querying"},{"ancestorTitles":["MpxImage size resolution"],"duration":1,"failureDetails":[],"failureMessages":[],"fullName":"MpxImage size resolution renders aspectFill directly without querying","invocations":1,"location":null,"numPassingAsserts":5,"retryReasons":[],"status":"passed","title":"renders aspectFill directly without querying"},{"ancestorTitles":["MpxImage size resolution"],"duration":1,"failureDetails":[],"failureMessages":[],"fullName":"MpxImage size resolution renders FastImage directly without an extra View","invocations":1,"location":null,"numPassingAsserts":3,"retryReasons":[],"status":"passed","title":"renders FastImage directly without an extra View"},{"ancestorTitles":["MpxImage size resolution"],"duration":1,"failureDetails":[],"failureMessages":[],"fullName":"MpxImage size resolution keeps widthFix wrapped with a mounted pending bitmap","invocations":1,"location":null,"numPassingAsserts":3,"retryReasons":[],"status":"passed","title":"keeps widthFix wrapped with a mounted pending bitmap"},{"ancestorTitles":["MpxImage size resolution"],"duration":0,"failureDetails":[],"failureMessages":[],"fullName":"MpxImage size resolution keeps heightFix wrapped with a mounted pending bitmap","invocations":1,"location":null,"numPassingAsserts":3,"retryReasons":[],"status":"passed","title":"keeps heightFix wrapped with a mounted pending bitmap"},{"ancestorTitles":["MpxImage size resolution"],"duration":4,"failureDetails":[],"failureMessages":[],"fullName":"MpxImage size resolution keeps center wrapped with a mounted pending bitmap","invocations":1,"location":null,"numPassingAsserts":3,"retryReasons":[],"status":"passed","title":"keeps center wrapped with a mounted pending bitmap"},{"ancestorTitles":["MpxImage size resolution"],"duration":2,"failureDetails":[],"failureMessages":[],"fullName":"MpxImage size resolution publishes only after both facts are ready when image size arrives first","invocations":1,"location":null,"numPassingAsserts":3,"retryReasons":[],"status":"passed","title":"publishes only after both facts are ready when image size arrives first"},{"ancestorTitles":["MpxImage size resolution"],"duration":2,"failureDetails":[],"failureMessages":[],"fullName":"MpxImage size resolution publishes only after both facts are ready when layout arrives first","invocations":1,"location":null,"numPassingAsserts":3,"retryReasons":[],"status":"passed","title":"publishes only after both facts are ready when layout arrives first"},{"ancestorTitles":["MpxImage size resolution"],"duration":1,"failureDetails":[],"failureMessages":[],"fullName":"MpxImage size resolution uses getSize instead of onLoad dimensions on Android","invocations":1,"location":null,"numPassingAsserts":4,"retryReasons":[],"status":"passed","title":"uses getSize instead of onLoad dimensions on Android"},{"ancestorTitles":["MpxImage size resolution"],"duration":2,"failureDetails":[],"failureMessages":[],"fullName":"MpxImage size resolution ignores layout changes when both size deviations are below 0.5","invocations":1,"location":null,"numPassingAsserts":2,"retryReasons":[],"status":"passed","title":"ignores layout changes when both size deviations are below 0.5"},{"ancestorTitles":["MpxImage size resolution"],"duration":0,"failureDetails":[],"failureMessages":[],"fullName":"MpxImage size resolution accepts zero layout size in widthFix mode","invocations":1,"location":null,"numPassingAsserts":2,"retryReasons":[],"status":"passed","title":"accepts zero layout size in widthFix mode"},{"ancestorTitles":["MpxImage size resolution"],"duration":1,"failureDetails":[],"failureMessages":[],"fullName":"MpxImage size resolution accepts zero layout size in heightFix mode","invocations":1,"location":null,"numPassingAsserts":2,"retryReasons":[],"status":"passed","title":"accepts zero layout size in heightFix mode"},{"ancestorTitles":["MpxImage size resolution"],"duration":2,"failureDetails":[],"failureMessages":[],"fullName":"MpxImage size resolution keeps the bitmap mounted while pending and consumes passive facts on mode change","invocations":1,"location":null,"numPassingAsserts":6,"retryReasons":[],"status":"passed","title":"keeps the bitmap mounted while pending and consumes passive facts on mode change"},{"ancestorTitles":["MpxImage size resolution"],"duration":1,"failureDetails":[],"failureMessages":[],"fullName":"MpxImage size resolution stores a pending query result without publishing when current need is false","invocations":1,"location":null,"numPassingAsserts":2,"retryReasons":[],"status":"passed","title":"stores a pending query result without publishing when current need is false"},{"ancestorTitles":["MpxImage size resolution"],"duration":1,"failureDetails":[],"failureMessages":[],"fullName":"MpxImage size resolution publishes an earlier query result when current need becomes true again","invocations":1,"location":null,"numPassingAsserts":2,"retryReasons":[],"status":"passed","title":"publishes an earlier query result when current need becomes true again"},{"ancestorTitles":["MpxImage size resolution"],"duration":2,"failureDetails":[],"failureMessages":[],"fullName":"MpxImage size resolution reuses the first passive Image fact without querying","invocations":1,"location":null,"numPassingAsserts":15,"retryReasons":[],"status":"passed","title":"reuses the first passive Image fact without querying"},{"ancestorTitles":["MpxImage size resolution"],"duration":2,"failureDetails":[],"failureMessages":[],"fullName":"MpxImage size resolution reuses the first passive FastImage fact without querying","invocations":1,"location":null,"numPassingAsserts":15,"retryReasons":[],"status":"passed","title":"reuses the first passive FastImage fact without querying"},{"ancestorTitles":["MpxImage size resolution"],"duration":1,"failureDetails":[],"failureMessages":[],"fullName":"MpxImage size resolution caches stale dynamic source facts and reuses them when the source returns","invocations":1,"location":null,"numPassingAsserts":9,"retryReasons":[],"status":"passed","title":"caches stale dynamic source facts and reuses them when the source returns"},{"ancestorTitles":["MpxImage size resolution"],"duration":1,"failureDetails":[],"failureMessages":[],"fullName":"MpxImage size resolution keeps resolved local dimensions and ignores later onLoad facts","invocations":1,"location":null,"numPassingAsserts":5,"retryReasons":[],"status":"passed","title":"keeps resolved local dimensions and ignores later onLoad facts"},{"ancestorTitles":["MpxImage size resolution"],"duration":2,"failureDetails":[],"failureMessages":[],"fullName":"MpxImage size resolution normalizes load detail and uses resolved local SVG dimensions when available","invocations":1,"location":null,"numPassingAsserts":12,"retryReasons":[],"status":"passed","title":"normalizes load detail and uses resolved local SVG dimensions when available"}],"endTime":1790220266088,"message":"","name":"/workspace/packages/webpack-plugin/test/runtime/react-native/mpx-image-size.spec.ts","startTime":1790220265877,"status":"passed","summary":""}],"wasInterrupted":false}
